<?xml version="1.0" encoding="UTF-8"?>
<!-- Generated by org.testng.reporters.JUnitReportReporter -->
<testsuite hostname="TYSS-Chethan-Kumar" failures="0" tests="1" name="com.hms.testcase.patient.TC1" time="2.774" errors="0" timestamp="2024-03-11T15:43:00 IST" skipped="0">
  <testcase classname="com.hms.testcase.patient.TC1" name="patientLogin" time="2.774"/>
  <system-out/>
</testsuite> <!-- com.hms.testcase.patient.TC1 -->
